Fri Jun 03 01:50:02 BRT 2022 : Apache Derby Servidor de Rede - 10.14.2.0 - (1828579) iniciado e pronto para aceitar conexões na porta 1527 em {3}
----------------------------------------------------------------
Fri Jun 03 01:50:13 BRT 2022:
 Inicializando o Derby versão The Apache Software Foundation - Apache Derby - 10.14.2.0 - (1828579): instância a816c00e-0181-27e6-2026-000074a8ab8d
no diretório de banco de dados C:\Users\vitor\Desktop\projeto java teste sala\Banco de dados\VUBER 

java.vendor=Oracle Corporation
java.runtime.version=17.0.2+8-LTS-86
user.dir=C:\Program Files\Glassfish
os.name=Windows 10
os.arch=amd64
os.version=10.0
derby.system.home=C:\Users\vitor\Desktop\projeto java teste sala\Banco de dados
Carregador de classe do banco de dados iniciado - derby.database.classpath=''
----------------------------------------------------------------
Fri Jun 03 01:50:14 BRT 2022:
Encerrando a instância a816c00e-0181-27e6-2026-000074a8ab8d
Fri Jun 03 01:50:14 BRT 2022 Thread[DRDAConnThread_2,5,main] (DATABASE = VUBER), (DRDAID = {2}), Banco de dados 'VUBER' fechado.
----------------------------------------------------------------
Fri Jun 03 01:50:17 BRT 2022:
 Inicializando o Derby versão The Apache Software Foundation - Apache Derby - 10.14.2.0 - (1828579): instância 6ede40af-0181-27e6-2026-000074a8ab8d
no diretório de banco de dados C:\Users\vitor\Desktop\projeto java teste sala\Banco de dados\VUBER 

java.vendor=Oracle Corporation
java.runtime.version=17.0.2+8-LTS-86
user.dir=C:\Program Files\Glassfish
os.name=Windows 10
os.arch=amd64
os.version=10.0
derby.system.home=C:\Users\vitor\Desktop\projeto java teste sala\Banco de dados
Carregador de classe do banco de dados iniciado - derby.database.classpath=''
----------------------------------------------------------------
Fri Jun 03 01:54:40 BRT 2022:
Encerrando a instância 6ede40af-0181-27e6-2026-000074a8ab8d
Fri Jun 03 01:54:40 BRT 2022 Thread[DRDAConnThread_4,5,main] (DATABASE = VUBER), (DRDAID = {9}), Banco de dados 'VUBER' fechado.
----------------------------------------------------------------
Fri Jun 03 01:55:24 BRT 2022: Shutting down Derby engine
----------------------------------------------------------------
